.\Debug\Project.pdb
D:\RA92-2016\Vezba9\Pcap-Project\Project\.\Debug\Project.exe
D:\RA92-2016\Vezba9\Pcap-Project\Project\.\Debug\Project.exe.intermediate.manifest
D:\RA92-2016\Vezba9\Pcap-Project\Project\Debug\cl.command.1.tlog
D:\RA92-2016\Vezba9\Pcap-Project\Project\Debug\CL.read.1.tlog
D:\RA92-2016\Vezba9\Pcap-Project\Project\Debug\CL.write.1.tlog
D:\RA92-2016\Vezba9\Pcap-Project\Project\Debug\link.command.1.tlog
D:\RA92-2016\Vezba9\Pcap-Project\Project\Debug\link.read.1.tlog
D:\RA92-2016\Vezba9\Pcap-Project\Project\Debug\link.write.1.tlog
D:\RA92-2016\Vezba9\Pcap-Project\Project\Debug\mt.command.1.tlog
D:\RA92-2016\Vezba9\Pcap-Project\Project\Debug\mt.read.1.tlog
D:\RA92-2016\Vezba9\Pcap-Project\Project\Debug\mt.write.1.tlog
D:\RA92-2016\VEZBA9\PCAP-PROJECT\PROJECT\DEBUG\PROJECT.EXE
D:\RA92-2016\VEZBA9\PCAP-PROJECT\PROJECT\DEBUG\PROJECT.EXE.INTERMEDIATE.MANIFEST
D:\RA92-2016\VEZBA9\PCAP-PROJECT\PROJECT\DEBUG\PROJECT.PDB
D:\RA92-2016\Vezba9\Pcap-Project\Project\Debug\Project.vcxprojResolveAssemblyReference.cache
D:\RA92-2016\Vezba9\Pcap-Project\Project\Debug\Project.write.1.tlog
D:\RA92-2016\Vezba9\Pcap-Project\Project\Debug\vc100.idb
D:\RA92-2016\VEZBA9\PCAP-PROJECT\PROJECT\DEBUG\VC100.PDB
D:\RA92-2016\VEZBA9\PCAP-PROJECT\PROJECT\DEBUG\VEZBA9.OBJ
